#
# There is insufficient memory for the Java Runtime Environment to continue.
# Native memory allocation (mmap) failed to map 145227776 bytes for committing reserved memory.
# Possible reasons:
#   The system is out of physical RAM or swap space
#   In 32 bit mode, the process size limit was hit
# Possible solutions:
#   Reduce memory load on the system
#   Increase physical memory or swap space
#   Check if swap backing store is full
#   Use 64 bit Java on a 64 bit OS
#   Decrease Java heap size (-Xmx/-Xms)
#   Decrease number of Java threads
#   Decrease Java thread stack sizes (-Xss)
#   Set larger code cache with -XX:ReservedCodeCacheSize=
# This output file may be truncated or incomplete.
#
#  Out of Memory Error (os_linux.cpp:2640), pid=5208, tid=0x00007fbf22cf4700
#
# JRE version: Java(TM) SE Runtime Environment (8.0_151-b12) (build 1.8.0_151-b12)
# Java VM: Java HotSpot(TM) 64-Bit Server VM (25.151-b12 mixed mode linux-amd64 compressed oops)
# Failed to write core dump. Core dumps have been disabled. To enable core dumping, try "ulimit -c unlimited" before starting Java again
#

---------------  T H R E A D  ---------------

Current thread (0x00007fbf40078000):  VMThread [stack: 0x00007fbf22bf4000,0x00007fbf22cf5000] [id=5219]

Stack: [0x00007fbf22bf4000,0x00007fbf22cf5000],  sp=0x00007fbf22cf31a0,  free space=1020k
Native frames: (J=compiled Java code, j=interpreted, Vv=VM code, C=native code)
V  [libjvm.so+0xacb58a]  VMError::report_and_die()+0x2ba
V  [libjvm.so+0x4ff4ab]  report_vm_out_of_memory(char const*, int, unsigned long, VMErrorType, char const*)+0x8b
V  [libjvm.so+0x928113]  os::Linux::commit_memory_impl(char*, unsigned long, bool)+0x103
V  [libjvm.so+0x928669]  os::pd_commit_memory(char*, unsigned long, unsigned long, bool)+0x29
V  [libjvm.so+0x92288a]  os::commit_memory(char*, unsigned long, unsigned long, bool)+0x2a
V  [libjvm.so+0x9973e3]  PSVirtualSpace::expand_by(unsigned long)+0x53
V  [libjvm.so+0x987ca0]  PSOldGen::expand(unsigned long)+0x170
V  [libjvm.so+0x987eab]  PSOldGen::resize(unsigned long)+0x1cb
V  [libjvm.so+0x98fbb1]  PSParallelCompact::invoke_no_policy(bool)+0x991
V  [libjvm.so+0x99550d]  PSScavenge::invoke()+0x1ad
V  [libjvm.so+0x94c0d0]  ParallelScavengeHeap::failed_mem_allocate(unsigned long)+0x70
V  [libjvm.so+0xaccfa7]  VM_ParallelGCFailedAllocation::doit()+0x97
V  [libjvm.so+0xad4a85]  VM_Operation::evaluate()+0x55
V  [libjvm.so+0xad2e5a]  VMThread::evaluate_operation(VM_Operation*)+0xba
V  [libjvm.so+0xad31de]  VMThread::loop()+0x1ce
V  [libjvm.so+0xad3650]  VMThread::run()+0x70
V  [libjvm.so+0x92a728]  java_start(Thread*)+0x108

VM_Operation (0x00007fbf4767d540): ParallelGCFailedAllocation, mode: safepoint, requested by thread 0x00007fbf4000a000


---------------  P R O C E S S  ---------------

Java Threads: ( => current thread )
  0x00007fbf400c0800 JavaThread "Service Thread" daemon [_thread_blocked, id=5226, stack(0x00007fbf21fa0000,0x00007fbf220a1000)]
  0x00007fbf400bd800 JavaThread "C1 CompilerThread2" daemon [_thread_blocked, id=5225, stack(0x00007fbf220a1000,0x00007fbf221a2000)]
  0x00007fbf400bb800 JavaThread "C2 CompilerThread1" daemon [_thread_blocked, id=5224, stack(0x00007fbf221a2000,0x00007fbf222a3000)]
  0x00007fbf400b9000 JavaThread "C2 CompilerThread0" daemon [_thread_blocked, id=5223, stack(0x00007fbf222a3000,0x00007fbf223a4000)]
  0x00007fbf400b7800 JavaThread "Signal Dispatcher" daemon [_thread_blocked, id=5222, stack(0x00007fbf223a4000,0x00007fbf224a5000)]
  0x00007fbf40084000 JavaThread "Finalizer" daemon [_thread_blocked, id=5221, stack(0x00007fbf229f2000,0x00007fbf22af3000)]
  0x00007fbf4007f800 JavaThread "Reference Handler" daemon [_thread_blocked, id=5220, stack(0x00007fbf22af3000,0x00007fbf22bf4000)]
  0x00007fbf4000a000 JavaThread "main" [_thread_blocked, id=5210, stack(0x00007fbf4757e000,0x00007fbf4767f000)]

Other Threads:
=>0x00007fbf40078000 VMThread [stack: 0x00007fbf22bf4000,0x00007fbf22cf5000] [id=5219]
  0x00007fbf400c3800 WatcherThread [stack: 0x00007fbf21e9f000,0x00007fbf21fa0000] [id=5227]

VM state:at safepoint (normal execution)

VM Mutex/Monitor currently owned by a thread:  ([mutex/lock_event])
[0x00007fbf40005eb0] ExpandHeap_lock - owner thread: 0x00007fbf40078000
[0x00007fbf40006530] Threads_lock - owner thread: 0x00007fbf40078000
[0x00007fbf40006a30] Heap_lock - owner thread: 0x00007fbf4000a000

Heap:
 PSYoungGen      total 170496K, used 34731K [0x00000000d7100000, 0x00000000ec100000, 0x0000000100000000)
  eden space 103424K, 0% used [0x00000000d7100000,0x00000000d7100000,0x00000000dd600000)
  from space 67072K, 51% used [0x00000000dd600000,0x00000000df7ead88,0x00000000e1780000)
  to   space 109568K, 0% used [0x00000000e5600000,0x00000000e5600000,0x00000000ec100000)
 ParOldGen       total 265728K, used 265586K [0x0000000085200000, 0x0000000095580000, 0x00000000d7100000)
  object space 265728K, 99% used [0x0000000085200000,0x000000009555c908,0x0000000095580000)
 Metaspace       used 3579K, capacity 4678K, committed 4864K, reserved 1056768K
  class space    used 403K, capacity 430K, committed 512K, reserved 1048576K

Card table byte_map: [0x00007fbf30c28000,0x00007fbf31000000] byte_map_base: 0x00007fbf307ff000

Marking Bits: (ParMarkBitMap*) 0x00007fbf46a51f80
 Begin Bits: [0x00007fbf28290000, 0x00007fbf2a148000)
 End Bits:   [0x00007fbf2a148000, 0x00007fbf2c000000)

Polling page: 0x00007fbf476a2000

CodeCache: size=245760Kb used=1351Kb max_used=1374Kb free=244408Kb
 bounds [0x00007fbf31000000, 0x00007fbf31270000, 0x00007fbf40000000]
 total_blobs=367 nmethods=121 adapters=160
 compilation: enabled

Compilation events (10 events):
Event: 63,604 Thread 0x00007fbf400bd800 nmethod 117 0x00007fbf311474d0 code [0x00007fbf311477e0, 0x00007fbf31148e98]
Event: 63,612 Thread 0x00007fbf400b9000  118 %     4       com.prop.domini.Algorisme::genera_matriu @ 36 (95 bytes)
Event: 63,625 Thread 0x00007fbf400b9000 nmethod 118% 0x00007fbf3114c050 code [0x00007fbf3114c280, 0x00007fbf3114ce10]
Event: 63,714 Thread 0x00007fbf400bb800 nmethod 97 0x00007fbf31152ed0 code [0x00007fbf311532a0, 0x00007fbf311570c8]
Event: 63,789 Thread 0x00007fbf400bd800  119       3       java.util.ArrayList::iterator (10 bytes)
Event: 63,789 Thread 0x00007fbf400bd800 nmethod 119 0x00007fbf3114ba90 code [0x00007fbf3114bc00, 0x00007fbf3114bef0]
Event: 63,789 Thread 0x00007fbf400bd800  120       3       java.util.ArrayList$Itr::<init> (6 bytes)
Event: 63,789 Thread 0x00007fbf400bd800 nmethod 120 0x00007fbf3114b5d0 code [0x00007fbf3114b740, 0x00007fbf3114b970]
Event: 63,789 Thread 0x00007fbf400bd800  121       3       java.util.ArrayList$Itr::<init> (26 bytes)
Event: 63,789 Thread 0x00007fbf400bd800 nmethod 121 0x00007fbf3114b1d0 code [0x00007fbf3114b340, 0x00007fbf3114b510]

GC Heap History (10 events):
Event: 64,326 GC heap after
Heap after GC invocations=5 (full 1):
 PSYoungGen      total 68096K, used 5105K [0x00000000d7100000, 0x00000000db900000, 0x0000000100000000)
  eden space 62976K, 0% used [0x00000000d7100000,0x00000000d7100000,0x00000000dae80000)
  from space 5120K, 99% used [0x00000000db400000,0x00000000db8fc5a0,0x00000000db900000)
  to   space 5120K, 0% used [0x00000000daf00000,0x00000000daf00000,0x00000000db400000)
 ParOldGen       total 147456K, used 106344K [0x0000000085200000, 0x000000008e200000, 0x00000000d7100000)
  object space 147456K, 72% used [0x0000000085200000,0x000000008b9da300,0x000000008e200000)
 Metaspace       used 3579K, capacity 4678K, committed 4864K, reserved 1056768K
  class space    used 403K, capacity 430K, committed 512K, reserved 1048576K
}
Event: 64,410 GC heap before
{Heap before GC invocations=6 (full 1):
 PSYoungGen      total 68096K, used 68081K [0x00000000d7100000, 0x00000000db900000, 0x0000000100000000)
  eden space 62976K, 100% used [0x00000000d7100000,0x00000000dae80000,0x00000000dae80000)
  from space 5120K, 99% used [0x00000000db400000,0x00000000db8fc5a0,0x00000000db900000)
  to   space 5120K, 0% used [0x00000000daf00000,0x00000000daf00000,0x00000000db400000)
 ParOldGen       total 147456K, used 106344K [0x0000000085200000, 0x000000008e200000, 0x00000000d7100000)
  object space 147456K, 72% used [0x0000000085200000,0x000000008b9da300,0x000000008e200000)
 Metaspace       used 3579K, capacity 4678K, committed 4864K, reserved 1056768K
  class space    used 403K, capacity 430K, committed 512K, reserved 1048576K
Event: 64,466 GC heap after
Heap after GC invocations=6 (full 1):
 PSYoungGen      total 68608K, used 5089K [0x00000000d7100000, 0x00000000e5900000, 0x0000000100000000)
  eden space 63488K, 0% used [0x00000000d7100000,0x00000000d7100000,0x00000000daf00000)
  from space 5120K, 99% used [0x00000000daf00000,0x00000000db3f86c0,0x00000000db400000)
  to   space 56320K, 0% used [0x00000000e2200000,0x00000000e2200000,0x00000000e5900000)
 ParOldGen       total 162816K, used 162420K [0x0000000085200000, 0x000000008f100000, 0x00000000d7100000)
  object space 162816K, 99% used [0x0000000085200000,0x000000008f09d2a0,0x000000008f100000)
 Metaspace       used 3579K, capacity 4678K, committed 4864K, reserved 1056768K
  class space    used 403K, capacity 430K, committed 512K, reserved 1048576K
}
Event: 64,466 GC heap before
{Heap before GC invocations=7 (full 2):
 PSYoungGen      total 68608K, used 5089K [0x00000000d7100000, 0x00000000e5900000, 0x0000000100000000)
  eden space 63488K, 0% used [0x00000000d7100000,0x00000000d7100000,0x00000000daf00000)
  from space 5120K, 99% used [0x00000000daf00000,0x00000000db3f86c0,0x00000000db400000)
  to   space 56320K, 0% used [0x00000000e2200000,0x00000000e2200000,0x00000000e5900000)
 ParOldGen       total 162816K, used 162420K [0x0000000085200000, 0x000000008f100000, 0x00000000d7100000)
  object space 162816K, 99% used [0x0000000085200000,0x000000008f09d2a0,0x000000008f100000)
 Metaspace       used 3579K, capacity 4678K, committed 4864K, reserved 1056768K
  class space    used 403K, capacity 430K, committed 512K, reserved 1048576K
Event: 65,624 GC heap after
Heap after GC invocations=7 (full 2):
 PSYoungGen      total 68608K, used 4572K [0x00000000d7100000, 0x00000000e5900000, 0x0000000100000000)
  eden space 63488K, 0% used [0x00000000d7100000,0x00000000d7100000,0x00000000daf00000)
  from space 5120K, 89% used [0x00000000daf00000,0x00000000db377000,0x00000000db400000)
  to   space 56320K, 0% used [0x00000000e2200000,0x00000000e2200000,0x00000000e5900000)
 ParOldGen       total 265728K, used 162584K [0x0000000085200000, 0x0000000095580000, 0x00000000d7100000)
  object space 265728K, 61% used [0x0000000085200000,0x000000008f0c6360,0x0000000095580000)
 Metaspace       used 3579K, capacity 4678K, committed 4864K, reserved 1056768K
  class space    used 403K, capacity 430K, committed 512K, reserved 1048576K
}
Event: 65,690 GC heap before
{Heap before GC invocations=8 (full 2):
 PSYoungGen      total 68608K, used 68060K [0x00000000d7100000, 0x00000000e5900000, 0x0000000100000000)
  eden space 63488K, 100% used [0x00000000d7100000,0x00000000daf00000,0x00000000daf00000)
  from space 5120K, 89% used [0x00000000daf00000,0x00000000db377000,0x00000000db400000)
  to   space 56320K, 0% used [0x00000000e2200000,0x00000000e2200000,0x00000000e5900000)
 ParOldGen       total 265728K, used 162584K [0x0000000085200000, 0x0000000095580000, 0x00000000d7100000)
  object space 265728K, 61% used [0x0000000085200000,0x000000008f0c6360,0x0000000095580000)
 Metaspace       used 3579K, capacity 4678K, committed 4864K, reserved 1056768K
  class space    used 403K, capacity 430K, committed 512K, reserved 1048576K
Event: 65,781 GC heap after
Heap after GC invocations=8 (full 2):
 PSYoungGen      total 142848K, used 56307K [0x00000000d7100000, 0x00000000e5900000, 0x0000000100000000)
  eden space 86528K, 0% used [0x00000000d7100000,0x00000000d7100000,0x00000000dc580000)
  from space 56320K, 99% used [0x00000000e2200000,0x00000000e58fcec0,0x00000000e5900000)
  to   space 67072K, 0% used [0x00000000dd600000,0x00000000dd600000,0x00000000e1780000)
 ParOldGen       total 265728K, used 167309K [0x0000000085200000, 0x0000000095580000, 0x00000000d7100000)
  object space 265728K, 62% used [0x0000000085200000,0x000000008f563560,0x0000000095580000)
 Metaspace       used 3579K, capacity 4678K, committed 4864K, reserved 1056768K
  class space    used 403K, capacity 430K, committed 512K, reserved 1048576K
}
Event: 65,889 GC heap before
{Heap before GC invocations=9 (full 2):
 PSYoungGen      total 142848K, used 142835K [0x00000000d7100000, 0x00000000e5900000, 0x0000000100000000)
  eden space 86528K, 100% used [0x00000000d7100000,0x00000000dc580000,0x00000000dc580000)
  from space 56320K, 99% used [0x00000000e2200000,0x00000000e58fcec0,0x00000000e5900000)
  to   space 67072K, 0% used [0x00000000dd600000,0x00000000dd600000,0x00000000e1780000)
 ParOldGen       total 265728K, used 167309K [0x0000000085200000, 0x0000000095580000, 0x00000000d7100000)
  object space 265728K, 62% used [0x0000000085200000,0x000000008f563560,0x0000000095580000)
 Metaspace       used 3579K, capacity 4678K, committed 4864K, reserved 1056768K
  class space    used 403K, capacity 430K, committed 512K, reserved 1048576K
Event: 66,078 GC heap after
Heap after GC invocations=9 (full 2):
 PSYoungGen      total 170496K, used 67046K [0x00000000d7100000, 0x00000000ec100000, 0x0000000100000000)
  eden space 103424K, 0% used [0x00000000d7100000,0x00000000d7100000,0x00000000dd600000)
  from space 67072K, 99% used [0x00000000dd600000,0x00000000e17798e0,0x00000000e1780000)
  to   space 109568K, 0% used [0x00000000e5600000,0x00000000e5600000,0x00000000ec100000)
 ParOldGen       total 265728K, used 233668K [0x0000000085200000, 0x0000000095580000, 0x00000000d7100000)
  object space 265728K, 87% used [0x0000000085200000,0x0000000093631320,0x0000000095580000)
 Metaspace       used 3579K, capacity 4678K, committed 4864K, reserved 1056768K
  class space    used 403K, capacity 430K, committed 512K, reserved 1048576K
}
Event: 66,078 GC heap before
{Heap before GC invocations=10 (full 3):
 PSYoungGen      total 170496K, used 67046K [0x00000000d7100000, 0x00000000ec100000, 0x0000000100000000)
  eden space 103424K, 0% used [0x00000000d7100000,0x00000000d7100000,0x00000000dd600000)
  from space 67072K, 99% used [0x00000000dd600000,0x00000000e17798e0,0x00000000e1780000)
  to   space 109568K, 0% used [0x00000000e5600000,0x00000000e5600000,0x00000000ec100000)
 ParOldGen       total 265728K, used 233668K [0x0000000085200000, 0x0000000095580000, 0x00000000d7100000)
  object space 265728K, 87% used [0x0000000085200000,0x0000000093631320,0x0000000095580000)
 Metaspace       used 3579K, capacity 4678K, committed 4864K, reserved 1056768K
  class space    used 403K, capacity 430K, committed 512K, reserved 1048576K

Deoptimization events (0 events):
No events

Internal exceptions (6 events):
Event: 0,022 Thread 0x00007fbf4000a000 Exception <a 'java/lang/NoSuchMethodError': Method sun.misc.Unsafe.defineClass(Ljava/lang/String;[BII)Ljava/lang/Class; name or signature does not match> (0x00000000d7107ca8) thrown at [/HUDSON/workspace/8-2-build-linux-amd64/jdk8u151/9699/hotspot/src/sha
Event: 0,022 Thread 0x00007fbf4000a000 Exception <a 'java/lang/NoSuchMethodError': Method sun.misc.Unsafe.prefetchRead(Ljava/lang/Object;J)V name or signature does not match> (0x00000000d7107f90) thrown at [/HUDSON/workspace/8-2-build-linux-amd64/jdk8u151/9699/hotspot/src/share/vm/prims/jni.cp
Event: 0,066 Thread 0x00007fbf4000a000 Exception <a 'java/security/PrivilegedActionException'> (0x00000000d7198f90) thrown at [/HUDSON/workspace/8-2-build-linux-amd64/jdk8u151/9699/hotspot/src/share/vm/prims/jvm.cpp, line 1390]
Event: 0,066 Thread 0x00007fbf4000a000 Exception <a 'java/security/PrivilegedActionException'> (0x00000000d7199388) thrown at [/HUDSON/workspace/8-2-build-linux-amd64/jdk8u151/9699/hotspot/src/share/vm/prims/jvm.cpp, line 1390]
Event: 0,066 Thread 0x00007fbf4000a000 Exception <a 'java/security/PrivilegedActionException'> (0x00000000d719b9d8) thrown at [/HUDSON/workspace/8-2-build-linux-amd64/jdk8u151/9699/hotspot/src/share/vm/prims/jvm.cpp, line 1390]
Event: 0,066 Thread 0x00007fbf4000a000 Exception <a 'java/security/PrivilegedActionException'> (0x00000000d719bdd0) thrown at [/HUDSON/workspace/8-2-build-linux-amd64/jdk8u151/9699/hotspot/src/share/vm/prims/jvm.cpp, line 1390]

Events (10 events):
Event: 63,768 Executing VM operation: ParallelGCFailedAllocation done
Event: 63,801 Executing VM operation: ParallelGCFailedAllocation
Event: 64,263 Executing VM operation: ParallelGCFailedAllocation done
Event: 64,297 Executing VM operation: ParallelGCFailedAllocation
Event: 64,326 Executing VM operation: ParallelGCFailedAllocation done
Event: 64,410 Executing VM operation: ParallelGCFailedAllocation
Event: 65,624 Executing VM operation: ParallelGCFailedAllocation done
Event: 65,690 Executing VM operation: ParallelGCFailedAllocation
Event: 65,781 Executing VM operation: ParallelGCFailedAllocation done
Event: 65,889 Executing VM operation: ParallelGCFailedAllocation


Dynamic libraries:
00400000-00401000 r-xp 00000000 08:03 929346                             /usr/lib/jvm/java-8-oracle/bin/java
00600000-00601000 rw-p 00000000 08:03 929346                             /usr/lib/jvm/java-8-oracle/bin/java
023f6000-02417000 rw-p 00000000 00:00 0                                  [heap]
85200000-95580000 rw-p 00000000 00:00 0 
9e000000-d7100000 ---p 00000000 00:00 0 
d7100000-ec100000 rw-p 00000000 00:00 0 
ec100000-100000000 ---p 00000000 00:00 0 
100000000-100080000 rw-p 00000000 00:00 0 
100080000-140000000 ---p 00000000 00:00 0 
7fbef4000000-7fbef4021000 rw-p 00000000 00:00 0 
7fbef4021000-7fbef8000000 ---p 00000000 00:00 0 
7fbef8000000-7fbef8021000 rw-p 00000000 00:00 0 
7fbef8021000-7fbefc000000 ---p 00000000 00:00 0 
7fbefc000000-7fbefc569000 rw-p 00000000 00:00 0 
7fbefc569000-7fbf00000000 ---p 00000000 00:00 0 
7fbf00000000-7fbf000e0000 rw-p 00000000 00:00 0 
7fbf000e0000-7fbf04000000 ---p 00000000 00:00 0 
7fbf04000000-7fbf04021000 rw-p 00000000 00:00 0 
7fbf04021000-7fbf08000000 ---p 00000000 00:00 0 
7fbf08000000-7fbf08361000 rw-p 00000000 00:00 0 
7fbf08361000-7fbf0c000000 ---p 00000000 00:00 0 
7fbf0c000000-7fbf0c021000 rw-p 00000000 00:00 0 
7fbf0c021000-7fbf10000000 ---p 00000000 00:00 0 
7fbf10000000-7fbf10021000 rw-p 00000000 00:00 0 
7fbf10021000-7fbf14000000 ---p 00000000 00:00 0 
7fbf14000000-7fbf14021000 rw-p 00000000 00:00 0 
7fbf14021000-7fbf18000000 ---p 00000000 00:00 0 
7fbf18000000-7fbf18021000 rw-p 00000000 00:00 0 
7fbf18021000-7fbf1c000000 ---p 00000000 00:00 0 
7fbf1c000000-7fbf1c021000 rw-p 00000000 00:00 0 
7fbf1c021000-7fbf20000000 ---p 00000000 00:00 0 
7fbf21bf3000-7fbf21e7a000 rw-p 00000000 00:00 0 
7fbf21e7a000-7fbf21e9f000 r--p 00000000 08:03 141373                     /usr/share/locale-langpack/es/LC_MESSAGES/libc.mo
7fbf21e9f000-7fbf21ea0000 ---p 00000000 00:00 0 
7fbf21ea0000-7fbf21fa0000 rw-p 00000000 00:00 0 
7fbf21fa0000-7fbf21fa3000 ---p 00000000 00:00 0 
7fbf21fa3000-7fbf220a1000 rw-p 00000000 00:00 0 
7fbf220a1000-7fbf220a4000 ---p 00000000 00:00 0 
7fbf220a4000-7fbf221a2000 rw-p 00000000 00:00 0 
7fbf221a2000-7fbf221a5000 ---p 00000000 00:00 0 
7fbf221a5000-7fbf222a3000 rw-p 00000000 00:00 0 
7fbf222a3000-7fbf222a6000 ---p 00000000 00:00 0 
7fbf222a6000-7fbf223a4000 rw-p 00000000 00:00 0 
7fbf223a4000-7fbf223a7000 ---p 00000000 00:00 0 
7fbf223a7000-7fbf224a5000 rw-p 00000000 00:00 0 
7fbf224a5000-7fbf229f2000 r--p 00000000 08:03 12                         /usr/lib/locale/locale-archive
7fbf229f2000-7fbf229f5000 ---p 00000000 00:00 0 
7fbf229f5000-7fbf22af3000 rw-p 00000000 00:00 0 
7fbf22af3000-7fbf22af6000 ---p 00000000 00:00 0 
7fbf22af6000-7fbf22bf4000 rw-p 00000000 00:00 0 
7fbf22bf4000-7fbf22bf5000 ---p 00000000 00:00 0 
7fbf22bf5000-7fbf23c40000 rw-p 00000000 00:00 0 
7fbf23c40000-7fbf24000000 ---p 00000000 00:00 0 
7fbf24000000-7fbf24021000 rw-p 00000000 00:00 0 
7fbf24021000-7fbf28000000 ---p 00000000 00:00 0 
7fbf2800f000-7fbf2802b000 r--s 00393000 08:03 172538                     /usr/lib/jvm/java-8-oracle/jre/lib/ext/cldrdata.jar
7fbf2802b000-7fbf2c000000 rw-p 00000000 00:00 0 
7fbf2c000000-7fbf2c021000 rw-p 00000000 00:00 0 
7fbf2c021000-7fbf30000000 ---p 00000000 00:00 0 
7fbf30002000-7fbf30274000 rw-p 00000000 00:00 0 
7fbf30274000-7fbf3044d000 r--s 03d5a000 08:03 172471                     /usr/lib/jvm/java-8-oracle/jre/lib/rt.jar
7fbf3044d000-7fbf30824000 rw-p 00000000 00:00 0 
7fbf30824000-7fbf30825000 ---p 00000000 00:00 0 
7fbf30825000-7fbf30925000 rw-p 00000000 00:00 0 
7fbf30925000-7fbf30926000 ---p 00000000 00:00 0 
7fbf30926000-7fbf30a26000 rw-p 00000000 00:00 0 
7fbf30a26000-7fbf30a27000 ---p 00000000 00:00 0 
7fbf30a27000-7fbf30b27000 rw-p 00000000 00:00 0 
7fbf30b27000-7fbf30b28000 ---p 00000000 00:00 0 
7fbf30b28000-7fbf30caa000 rw-p 00000000 00:00 0 
7fbf30caa000-7fbf30eb7000 ---p 00000000 00:00 0 
7fbf30eb7000-7fbf30f60000 rw-p 00000000 00:00 0 
7fbf30f60000-7fbf30fff000 ---p 00000000 00:00 0 
7fbf30fff000-7fbf31000000 rw-p 00000000 00:00 0 
7fbf31000000-7fbf31270000 rwxp 00000000 00:00 0 
7fbf31270000-7fbf40000000 ---p 00000000 00:00 0 
7fbf40000000-7fbf40143000 rw-p 00000000 00:00 0 
7fbf40143000-7fbf44000000 ---p 00000000 00:00 0 
7fbf44004000-7fbf4400b000 r--s 00000000 08:03 296413                     /usr/lib/x86_64-linux-gnu/gconv/gconv-modules.cache
7fbf4400b000-7fbf44015000 r--s 00116000 08:03 172545                     /usr/lib/jvm/java-8-oracle/jre/lib/ext/localedata.jar
7fbf44015000-7fbf4401a000 r--s 00084000 08:03 172448                     /usr/lib/jvm/java-8-oracle/jre/lib/jfr.jar
7fbf4401a000-7fbf44112000 rw-p 00000000 00:00 0 
7fbf44112000-7fbf44320000 ---p 00000000 00:00 0 
7fbf44320000-7fbf4432a000 rw-p 00000000 00:00 0 
7fbf4432a000-7fbf446e0000 ---p 00000000 00:00 0 
7fbf446e0000-7fbf446fb000 r-xp 00000000 08:03 812029                     /usr/lib/jvm/java-8-oracle/jre/lib/amd64/libzip.so
7fbf446fb000-7fbf448fb000 ---p 0001b000 08:03 812029                     /usr/lib/jvm/java-8-oracle/jre/lib/amd64/libzip.so
7fbf448fb000-7fbf448fc000 rw-p 0001b000 08:03 812029                     /usr/lib/jvm/java-8-oracle/jre/lib/amd64/libzip.so
7fbf448fc000-7fbf44907000 r-xp 00000000 08:03 934098                     /lib/x86_64-linux-gnu/libnss_files-2.23.so
7fbf44907000-7fbf44b06000 ---p 0000b000 08:03 934098                     /lib/x86_64-linux-gnu/libnss_files-2.23.so
7fbf44b06000-7fbf44b07000 r--p 0000a000 08:03 934098                     /lib/x86_64-linux-gnu/libnss_files-2.23.so
7fbf44b07000-7fbf44b08000 rw-p 0000b000 08:03 934098                     /lib/x86_64-linux-gnu/libnss_files-2.23.so
7fbf44b08000-7fbf44b0e000 rw-p 00000000 00:00 0 
7fbf44b0e000-7fbf44b19000 r-xp 00000000 08:03 934101                     /lib/x86_64-linux-gnu/libnss_nis-2.23.so
7fbf44b19000-7fbf44d18000 ---p 0000b000 08:03 934101                     /lib/x86_64-linux-gnu/libnss_nis-2.23.so
7fbf44d18000-7fbf44d19000 r--p 0000a000 08:03 934101                     /lib/x86_64-linux-gnu/libnss_nis-2.23.so
7fbf44d19000-7fbf44d1a000 rw-p 0000b000 08:03 934101                     /lib/x86_64-linux-gnu/libnss_nis-2.23.so
7fbf44d1a000-7fbf44d30000 r-xp 00000000 08:03 924861                     /lib/x86_64-linux-gnu/libnsl-2.23.so
7fbf44d30000-7fbf44f2f000 ---p 00016000 08:03 924861                     /lib/x86_64-linux-gnu/libnsl-2.23.so
7fbf44f2f000-7fbf44f30000 r--p 00015000 08:03 924861                     /lib/x86_64-linux-gnu/libnsl-2.23.so
7fbf44f30000-7fbf44f31000 rw-p 00016000 08:03 924861                     /lib/x86_64-linux-gnu/libnsl-2.23.so
7fbf44f31000-7fbf44f33000 rw-p 00000000 00:00 0 
7fbf44f33000-7fbf44f3b000 r-xp 00000000 08:03 934107                     /lib/x86_64-linux-gnu/libnss_compat-2.23.so
7fbf44f3b000-7fbf4513a000 ---p 00008000 08:03 934107                     /lib/x86_64-linux-gnu/libnss_compat-2.23.so
7fbf4513a000-7fbf4513b000 r--p 00007000 08:03 934107                     /lib/x86_64-linux-gnu/libnss_compat-2.23.so
7fbf4513b000-7fbf4513c000 rw-p 00008000 08:03 934107                     /lib/x86_64-linux-gnu/libnss_compat-2.23.so
7fbf4513c000-7fbf45167000 r-xp 00000000 08:03 812022                     /usr/lib/jvm/java-8-oracle/jre/lib/amd64/libjava.so
7fbf45167000-7fbf45366000 ---p 0002b000 08:03 812022                     /usr/lib/jvm/java-8-oracle/jre/lib/amd64/libjava.so
7fbf45366000-7fbf45368000 rw-p 0002a000 08:03 812022                     /usr/lib/jvm/java-8-oracle/jre/lib/amd64/libjava.so
7fbf45368000-7fbf45375000 r-xp 00000000 08:03 812027                     /usr/lib/jvm/java-8-oracle/jre/lib/amd64/libverify.so
7fbf45375000-7fbf45575000 ---p 0000d000 08:03 812027                     /usr/lib/jvm/java-8-oracle/jre/lib/amd64/libverify.so
7fbf45575000-7fbf45577000 rw-p 0000d000 08:03 812027                     /usr/lib/jvm/java-8-oracle/jre/lib/amd64/libverify.so
7fbf45577000-7fbf4557e000 r-xp 00000000 08:03 934103                     /lib/x86_64-linux-gnu/librt-2.23.so
7fbf4557e000-7fbf4577d000 ---p 00007000 08:03 934103                     /lib/x86_64-linux-gnu/librt-2.23.so
7fbf4577d000-7fbf4577e000 r--p 00006000 08:03 934103                     /lib/x86_64-linux-gnu/librt-2.23.so
7fbf4577e000-7fbf4577f000 rw-p 00007000 08:03 934103                     /lib/x86_64-linux-gnu/librt-2.23.so
7fbf4577f000-7fbf45887000 r-xp 00000000 08:03 934112                     /lib/x86_64-linux-gnu/libm-2.23.so
7fbf45887000-7fbf45a86000 ---p 00108000 08:03 934112                     /lib/x86_64-linux-gnu/libm-2.23.so
7fbf45a86000-7fbf45a87000 r--p 00107000 08:03 934112                     /lib/x86_64-linux-gnu/libm-2.23.so
7fbf45a87000-7fbf45a88000 rw-p 00108000 08:03 934112                     /lib/x86_64-linux-gnu/libm-2.23.so
7fbf45a88000-7fbf4675b000 r-xp 00000000 08:03 929298                     /usr/lib/jvm/java-8-oracle/jre/lib/amd64/server/libjvm.so
7fbf4675b000-7fbf4695a000 ---p 00cd3000 08:03 929298                     /usr/lib/jvm/java-8-oracle/jre/lib/amd64/server/libjvm.so
7fbf4695a000-7fbf46a34000 rw-p 00cd2000 08:03 929298                     /usr/lib/jvm/java-8-oracle/jre/lib/amd64/server/libjvm.so
7fbf46a34000-7fbf46a7f000 rw-p 00000000 00:00 0 
7fbf46a7f000-7fbf46c3f000 r-xp 00000000 08:03 934117                     /lib/x86_64-linux-gnu/libc-2.23.so
7fbf46c3f000-7fbf46e3f000 ---p 001c0000 08:03 934117                     /lib/x86_64-linux-gnu/libc-2.23.so
7fbf46e3f000-7fbf46e43000 r--p 001c0000 08:03 934117                     /lib/x86_64-linux-gnu/libc-2.23.so
7fbf46e43000-7fbf46e45000 rw-p 001c4000 08:03 934117                     /lib/x86_64-linux-gnu/libc-2.23.so
7fbf46e45000-7fbf46e49000 rw-p 00000000 00:00 0 
7fbf46e49000-7fbf46e4c000 r-xp 00000000 08:03 934106                     /lib/x86_64-linux-gnu/libdl-2.23.so
7fbf46e4c000-7fbf4704b000 ---p 00003000 08:03 934106                     /lib/x86_64-linux-gnu/libdl-2.23.so
7fbf4704b000-7fbf4704c000 r--p 00002000 08:03 934106                     /lib/x86_64-linux-gnu/libdl-2.23.so
7fbf4704c000-7fbf4704d000 rw-p 00003000 08:03 934106                     /lib/x86_64-linux-gnu/libdl-2.23.so
7fbf4704d000-7fbf47063000 r-xp 00000000 08:03 172697                     /usr/lib/jvm/java-8-oracle/lib/amd64/jli/libjli.so
7fbf47063000-7fbf47262000 ---p 00016000 08:03 172697                     /usr/lib/jvm/java-8-oracle/lib/amd64/jli/libjli.so
7fbf47262000-7fbf47263000 rw-p 00015000 08:03 172697                     /usr/lib/jvm/java-8-oracle/lib/amd64/jli/libjli.so
7fbf47263000-7fbf4727b000 r-xp 00000000 08:03 934100                     /lib/x86_64-linux-gnu/libpthread-2.23.so
7fbf4727b000-7fbf4747a000 ---p 00018000 08:03 934100                     /lib/x86_64-linux-gnu/libpthread-2.23.so
7fbf4747a000-7fbf4747b000 r--p 00017000 08:03 934100                     /lib/x86_64-linux-gnu/libpthread-2.23.so
7fbf4747b000-7fbf4747c000 rw-p 00018000 08:03 934100                     /lib/x86_64-linux-gnu/libpthread-2.23.so
7fbf4747c000-7fbf47480000 rw-p 00000000 00:00 0 
7fbf47480000-7fbf474a6000 r-xp 00000000 08:03 934090                     /lib/x86_64-linux-gnu/ld-2.23.so
7fbf474a9000-7fbf474ae000 r--s 002f9000 08:03 172469                     /usr/lib/jvm/java-8-oracle/jre/lib/charsets.jar
7fbf474ae000-7fbf474b3000 r--s 0009a000 08:03 172476                     /usr/lib/jvm/java-8-oracle/jre/lib/jsse.jar
7fbf474b3000-7fbf4757e000 rw-p 00000000 00:00 0 
7fbf4757e000-7fbf47581000 ---p 00000000 00:00 0 
7fbf47581000-7fbf47683000 rw-p 00000000 00:00 0 
7fbf47683000-7fbf47686000 r--s 0001a000 08:03 172482                     /usr/lib/jvm/java-8-oracle/jre/lib/jce.jar
7fbf47686000-7fbf47699000 r--s 00345000 08:03 172475                     /usr/lib/jvm/java-8-oracle/jre/lib/resources.jar
7fbf47699000-7fbf476a1000 rw-s 00000000 08:03 678674                     /tmp/hsperfdata_mati/5208
7fbf476a1000-7fbf476a2000 rw-p 00000000 00:00 0 
7fbf476a2000-7fbf476a3000 ---p 00000000 00:00 0 
7fbf476a3000-7fbf476a5000 rw-p 00000000 00:00 0 
7fbf476a5000-7fbf476a6000 r--p 00025000 08:03 934090                     /lib/x86_64-linux-gnu/ld-2.23.so
7fbf476a6000-7fbf476a7000 rw-p 00026000 08:03 934090                     /lib/x86_64-linux-gnu/ld-2.23.so
7fbf476a7000-7fbf476a8000 rw-p 00000000 00:00 0 
7ffeba3cb000-7ffeba3ec000 rw-p 00000000 00:00 0                          [stack]
7ffeba3fb000-7ffeba3fd000 r--p 00000000 00:00 0                          [vvar]
7ffeba3fd000-7ffeba3ff000 r-xp 00000000 00:00 0                          [vdso]
ffffffffff600000-ffffffffff601000 r-xp 00000000 00:00 0                  [vsyscall]

VM Arguments:
jvm_args: -Dfile.encoding=UTF-8 
java_command: com.prop.domini.Driver3
java_class_path (initial): /usr/lib/jvm/java-8-oracle/jre/lib/resources.jar:/usr/lib/jvm/java-8-oracle/jre/lib/rt.jar:/usr/lib/jvm/java-8-oracle/jre/lib/jsse.jar:/usr/lib/jvm/java-8-oracle/jre/lib/jce.jar:/usr/lib/jvm/java-8-oracle/jre/lib/charsets.jar:/usr/lib/jvm/java-8-oracle/jre/lib/jfr.jar:/usr/lib/jvm/java-8-oracle/jre/lib/ext/sunjce_provider.jar:/usr/lib/jvm/java-8-oracle/jre/lib/ext/dnsns.jar:/usr/lib/jvm/java-8-oracle/jre/lib/ext/cldrdata.jar:/usr/lib/jvm/java-8-oracle/jre/lib/ext/zipfs.jar:/usr/lib/jvm/java-8-oracle/jre/lib/ext/localedata.jar:/usr/lib/jvm/java-8-oracle/jre/lib/ext/nashorn.jar:/usr/lib/jvm/java-8-oracle/jre/lib/ext/sunpkcs11.jar:/usr/lib/jvm/java-8-oracle/jre/lib/ext/jfxrt.jar:/usr/lib/jvm/java-8-oracle/jre/lib/ext/sunec.jar:/usr/lib/jvm/java-8-oracle/jre/lib/ext/jaccess.jar:/media/mati/sda1/matia/MEGA/Enginyeria Informàtica/Cuadri 5/PROP/MasterMind/MasterMind/bin
Launcher Type: SUN_STANDARD

Environment Variables:
JAVA_HOME=/usr/lib/jvm/java-8-oracle
PATH=/home/mati/bin:/home/mati/.local/bin:/usr/local/sbin:/usr/local/bin:/usr/sbin:/usr/bin:/sbin:/bin:/usr/games:/usr/local/games:/snap/bin:/usr/lib/jvm/java-8-oracle/bin:/usr/lib/jvm/java-8-oracle/db/bin:/usr/lib/jvm/java-8-oracle/jre/bin
SHELL=/bin/bash
DISPLAY=:0

Signal Handlers:
SIGSEGV: [libjvm.so+0xacbe10], sa_mask[0]=11111111011111111101111111111110, sa_flags=SA_RESTART|SA_SIGINFO
SIGBUS: [libjvm.so+0xacbe10], sa_mask[0]=11111111011111111101111111111110, sa_flags=SA_RESTART|SA_SIGINFO
SIGFPE: [libjvm.so+0x924f90], sa_mask[0]=11111111011111111101111111111110, sa_flags=SA_RESTART|SA_SIGINFO
SIGPIPE: [libjvm.so+0x924f90], sa_mask[0]=11111111011111111101111111111110, sa_flags=SA_RESTART|SA_SIGINFO
SIGXFSZ: [libjvm.so+0x924f90], sa_mask[0]=11111111011111111101111111111110, sa_flags=SA_RESTART|SA_SIGINFO
SIGILL: [libjvm.so+0x924f90], sa_mask[0]=11111111011111111101111111111110, sa_flags=SA_RESTART|SA_SIGINFO
SIGUSR1: SIG_DFL, sa_mask[0]=00000000000000000000000000000000, sa_flags=none
SIGUSR2: [libjvm.so+0x9267d0], sa_mask[0]=00100000000000000000000000000000, sa_flags=SA_RESTART|SA_SIGINFO
SIGHUP: [libjvm.so+0x927bd0], sa_mask[0]=11111111011111111101111111111110, sa_flags=SA_RESTART|SA_SIGINFO
SIGINT: [libjvm.so+0x927bd0], sa_mask[0]=11111111011111111101111111111110, sa_flags=SA_RESTART|SA_SIGINFO
SIGTERM: [libjvm.so+0x927bd0], sa_mask[0]=11111111011111111101111111111110, sa_flags=SA_RESTART|SA_SIGINFO
SIGQUIT: [libjvm.so+0x927bd0], sa_mask[0]=11111111011111111101111111111110, sa_flags=SA_RESTART|SA_SIGINFO


---------------  S Y S T E M  ---------------

OS:DISTRIB_ID=Ubuntu
DISTRIB_RELEASE=16.04
DISTRIB_CODENAME=xenial
DISTRIB_DESCRIPTION="Ubuntu 16.04.3 LTS"

uname:Linux 4.4.0-98-generic #121-Ubuntu SMP Tue Oct 10 14:24:03 UTC 2017 x86_64
libc:glibc 2.23 NPTL 2.23 
rlimit: STACK 8192k, CORE 0k, NPROC 31270, NOFILE 1048576, AS infinity
load average:2,67 1,19 0,95

/proc/meminfo:
MemTotal:        8045868 kB
MemFree:          139360 kB
MemAvailable:      35792 kB
Buffers:             880 kB
Cached:           366176 kB
SwapCached:            0 kB
Active:          7353564 kB
Inactive:         343984 kB
Active(anon):    7339544 kB
Inactive(anon):   313624 kB
Active(file):      14020 kB
Inactive(file):    30360 kB
Unevictable:         104 kB
Mlocked:             104 kB
SwapTotal:             0 kB
SwapFree:              0 kB
Dirty:               144 kB
Writeback:             0 kB
AnonPages:       7331056 kB
Mapped:           162876 kB
Shmem:            322220 kB
Slab:              75996 kB
SReclaimable:      30932 kB
SUnreclaim:        45064 kB
KernelStack:       14272 kB
PageTables:        54048 kB
NFS_Unstable:          0 kB
Bounce:                0 kB
WritebackTmp:          0 kB
CommitLimit:     4022932 kB
Committed_AS:   14340988 kB
VmallocTotal:   34359738367 kB
VmallocUsed:           0 kB
VmallocChunk:          0 kB
HardwareCorrupted:     0 kB
AnonHugePages:   5656576 kB
CmaTotal:              0 kB
CmaFree:               0 kB
HugePages_Total:       0
HugePages_Free:        0
HugePages_Rsvd:        0
HugePages_Surp:        0
Hugepagesize:       2048 kB
DirectMap4k:      147852 kB
DirectMap2M:     3917824 kB
DirectMap1G:     5242880 kB


CPU:total 4 (initial active 4) (2 cores per cpu, 2 threads per core) family 6 model 78 stepping 3, cmov, cx8, fxsr, mmx, sse, sse2, sse3, ssse3, sse4.1, sse4.2, popcnt, avx, avx2, aes, clmul, erms, 3dnowpref, lzcnt, ht, tsc, tscinvbit, bmi1, bmi2, adx

/proc/cpuinfo:
processor	: 0
vendor_id	: GenuineIntel
cpu family	: 6
model		: 78
model name	: Intel(R) Core(TM) i7-6500U CPU @ 2.50GHz
stepping	: 3
microcode	: 0xba
cpu MHz		: 499.281
cache size	: 4096 KB
physical id	: 0
siblings	: 4
core id		: 0
cpu cores	: 2
apicid		: 0
initial apicid	: 0
fpu		: yes
fpu_exception	: yes
cpuid level	: 22
wp		: yes
flags		: fpu vme de pse tsc msr pae mce cx8 apic sep mtrr pge mca cmov pat pse36 clflush dts acpi mmx fxsr sse sse2 ss ht tm pbe syscall nx pdpe1gb rdtscp lm constant_tsc art arch_perfmon pebs bts rep_good nopl xtopology nonstop_tsc aperfmperf eagerfpu pni pclmulqdq dtes64 monitor ds_cpl vmx est tm2 ssse3 sdbg fma cx16 xtpr pdcm pcid sse4_1 sse4_2 x2apic movbe popcnt tsc_deadline_timer aes xsave avx f16c rdrand lahf_lm abm 3dnowprefetch epb intel_pt tpr_shadow vnmi flexpriority ept vpid fsgsbase tsc_adjust bmi1 avx2 smep bmi2 erms invpcid mpx rdseed adx smap clflushopt xsaveopt xsavec xgetbv1 dtherm ida arat pln pts hwp hwp_notify hwp_act_window hwp_epp
bugs		:
bogomips	: 5184.47
clflush size	: 64
cache_alignment	: 64
address sizes	: 39 bits physical, 48 bits virtual
power management:

processor	: 1
vendor_id	: GenuineIntel
cpu family	: 6
model		: 78
model name	: Intel(R) Core(TM) i7-6500U CPU @ 2.50GHz
stepping	: 3
microcode	: 0xba
cpu MHz		: 499.484
cache size	: 4096 KB
physical id	: 0
siblings	: 4
core id		: 1
cpu cores	: 2
apicid		: 2
initial apicid	: 2
fpu		: yes
fpu_exception	: yes
cpuid level	: 22
wp		: yes
flags		: fpu vme de pse tsc msr pae mce cx8 apic sep mtrr pge mca cmov pat pse36 clflush dts acpi mmx fxsr sse sse2 ss ht tm pbe syscall nx pdpe1gb rdtscp lm constant_tsc art arch_perfmon pebs bts rep_good nopl xtopology nonstop_tsc aperfmperf eagerfpu pni pclmulqdq dtes64 monitor ds_cpl vmx est tm2 ssse3 sdbg fma cx16 xtpr pdcm pcid sse4_1 sse4_2 x2apic movbe popcnt tsc_deadline_timer aes xsave avx f16c rdrand lahf_lm abm 3dnowprefetch epb intel_pt tpr_shadow vnmi flexpriority ept vpid fsgsbase tsc_adjust bmi1 avx2 smep bmi2 erms invpcid mpx rdseed adx smap clflushopt xsaveopt xsavec xgetbv1 dtherm ida arat pln pts hwp hwp_notify hwp_act_window hwp_epp
bugs		:
bogomips	: 5184.47
clflush size	: 64
cache_alignment	: 64
address sizes	: 39 bits physical, 48 bits virtual
power management:

processor	: 2
vendor_id	: GenuineIntel
cpu family	: 6
model		: 78
model name	: Intel(R) Core(TM) i7-6500U CPU @ 2.50GHz
stepping	: 3
microcode	: 0xba
cpu MHz		: 499.992
cache size	: 4096 KB
physical id	: 0
siblings	: 4
core id		: 0
cpu cores	: 2
apicid		: 1
initial apicid	: 1
fpu		: yes
fpu_exception	: yes
cpuid level	: 22
wp		: yes
flags		: fpu vme de pse tsc msr pae mce cx8 apic sep mtrr pge mca cmov pat pse36 clflush dts acpi mmx fxsr sse sse2 ss ht tm pbe syscall nx pdpe1gb rdtscp lm constant_tsc art arch_perfmon pebs bts rep_good nopl xtopology nonstop_tsc aperfmperf eagerfpu pni pclmulqdq dtes64 monitor ds_cpl vmx est tm2 ssse3 sdbg fma cx16 xtpr pdcm pcid sse4_1 sse4_2 x2apic movbe popcnt tsc_deadline_timer aes xsave avx f16c rdrand lahf_lm abm 3dnowprefetch epb intel_pt tpr_shadow vnmi flexpriority ept vpid fsgsbase tsc_adjust bmi1 avx2 smep bmi2 erms invpcid mpx rdseed adx smap clflushopt xsaveopt xsavec xgetbv1 dtherm ida arat pln pts hwp hwp_notify hwp_act_window hwp_epp
bugs		:
bogomips	: 5184.47
clflush size	: 64
cache_alignment	: 64
address sizes	: 39 bits physical, 48 bits virtual
power management:

processor	: 3
vendor_id	: GenuineIntel
cpu family	: 6
model		: 78
model name	: Intel(R) Core(TM) i7-6500U CPU @ 2.50GHz
stepping	: 3
microcode	: 0xba
cpu MHz		: 497.656
cache size	: 4096 KB
physical id	: 0
siblings	: 4
core id		: 1
cpu cores	: 2
apicid		: 3
initial apicid	: 3
fpu		: yes
fpu_exception	: yes
cpuid level	: 22
wp		: yes
flags		: fpu vme de pse tsc msr pae mce cx8 apic sep mtrr pge mca cmov pat pse36 clflush dts acpi mmx fxsr sse sse2 ss ht tm pbe syscall nx pdpe1gb rdtscp lm constant_tsc art arch_perfmon pebs bts rep_good nopl xtopology nonstop_tsc aperfmperf eagerfpu pni pclmulqdq dtes64 monitor ds_cpl vmx est tm2 ssse3 sdbg fma cx16 xtpr pdcm pcid sse4_1 sse4_2 x2apic movbe popcnt tsc_deadline_timer aes xsave avx f16c rdrand lahf_lm abm 3dnowprefetch epb intel_pt tpr_shadow vnmi flexpriority ept vpid fsgsbase tsc_adjust bmi1 avx2 smep bmi2 erms invpcid mpx rdseed adx smap clflushopt xsaveopt xsavec xgetbv1 dtherm ida arat pln pts hwp hwp_notify hwp_act_window hwp_epp
bugs		:
bogomips	: 5184.47
clflush size	: 64
cache_alignment	: 64
address sizes	: 39 bits physical, 48 bits virtual
power management:



Memory: 4k page, physical 8045868k(139204k free), swap 0k(0k free)

vm_info: Java HotSpot(TM) 64-Bit Server VM (25.151-b12) for linux-amd64 JRE (1.8.0_151-b12), built on Sep  5 2017 19:20:58 by "java_re" with gcc 4.3.0 20080428 (Red Hat 4.3.0-8)

time: Fri Nov 10 16:41:43 2017
elapsed time: 82 seconds (0d 0h 1m 22s)

